This is pdfTeX, Version 3.14159265-2.6-1.40.21 (TeX Live 2020) (preloaded format=pdflatex 2020.10.25)  22 DEC 2020 12:04
entering extended mode
 restricted \write18 enabled.
 %&-line parsing enabled.
**linealizedrotations.tex
(./linealizedrotations.tex
LaTeX2e <2020-02-02> patch level 5
L3 programming layer <2020-03-06> (./birkjour.cls
Document Class: birkjour 2009/09/04 v6.0
\linespacing=\dimen134
\normalparindent=\dimen135
\normaltopskip=\skip47
(/usr/local/texlive/2020/texmf-dist/tex/latex/amsmath/amsgen.sty
File: amsgen.sty 1999/11/30 v2.0 generic functions
\@emptytoks=\toks15
\ex@=\dimen136
)
(/usr/local/texlive/2020/texmf-dist/tex/latex/amsmath/amsmath.sty
Package: amsmath 2020/01/20 v2.17e AMS math features
\@mathmargin=\skip48

For additional information on amsmath, use the `?' option.
(/usr/local/texlive/2020/texmf-dist/tex/latex/amsmath/amstext.sty
Package: amstext 2000/06/29 v2.01 AMS text
)
(/usr/local/texlive/2020/texmf-dist/tex/latex/amsmath/amsbsy.sty
Package: amsbsy 1999/11/29 v1.2d Bold Symbols
\pmbraise@=\dimen137
)
(/usr/local/texlive/2020/texmf-dist/tex/latex/amsmath/amsopn.sty
Package: amsopn 2016/03/08 v2.02 operator names
)
\inf@bad=\count167
LaTeX Info: Redefining \frac on input line 227.
\uproot@=\count168
\leftroot@=\count169
LaTeX Info: Redefining \overline on input line 389.
\classnum@=\count170
\DOTSCASE@=\count171
LaTeX Info: Redefining \ldots on input line 486.
LaTeX Info: Redefining \dots on input line 489.
LaTeX Info: Redefining \cdots on input line 610.
\Mathstrutbox@=\box45
\strutbox@=\box46
\big@size=\dimen138
LaTeX Font Info:    Redeclaring font encoding OML on input line 733.
LaTeX Font Info:    Redeclaring font encoding OMS on input line 734.
\macc@depth=\count172
\c@MaxMatrixCols=\count173
\dotsspace@=\muskip16
\c@parentequation=\count174
\dspbrk@lvl=\count175
\tag@help=\toks16
\row@=\count176
\column@=\count177
\maxfields@=\count178
\andhelp@=\toks17
\eqnshift@=\dimen139
\alignsep@=\dimen140
\tagshift@=\dimen141
\tagwidth@=\dimen142
\totwidth@=\dimen143
\lineht@=\dimen144
\@envbody=\toks18
\multlinegap=\skip49
\multlinetaggap=\skip50
\mathdisplay@stack=\toks19
LaTeX Info: Redefining \[ on input line 2859.
LaTeX Info: Redefining \] on input line 2860.
)
(/usr/local/texlive/2020/texmf-dist/tex/latex/amsfonts/amsfonts.sty
Package: amsfonts 2013/01/14 v3.01 Basic AMSFonts support
\symAMSa=\mathgroup4
\symAMSb=\mathgroup5
LaTeX Font Info:    Redeclaring math symbol \hbar on input line 98.
LaTeX Font Info:    Overwriting math alphabet `\mathfrak' in version `bold'
(Font)                  U/euf/m/n --> U/euf/b/n on input line 106.
)
(/usr/local/texlive/2020/texmf-dist/tex/latex/graphics/graphicx.sty
Package: graphicx 2019/11/30 v1.2a Enhanced LaTeX Graphics (DPC,SPQR)

(/usr/local/texlive/2020/texmf-dist/tex/latex/graphics/keyval.sty
Package: keyval 2014/10/28 v1.15 key=value parser (DPC)
\KV@toks@=\toks20
)
(/usr/local/texlive/2020/texmf-dist/tex/latex/graphics/graphics.sty
Package: graphics 2019/11/30 v1.4a Standard LaTeX Graphics (DPC,SPQR)

(/usr/local/texlive/2020/texmf-dist/tex/latex/graphics/trig.sty
Package: trig 2016/01/03 v1.10 sin cos tan (DPC)
)
(/usr/local/texlive/2020/texmf-dist/tex/latex/graphics-cfg/graphics.cfg
File: graphics.cfg 2016/06/04 v1.11 sample graphics configuration
)
Package graphics Info: Driver file: pdftex.def on input line 105.

(/usr/local/texlive/2020/texmf-dist/tex/latex/graphics-def/pdftex.def
File: pdftex.def 2018/01/08 v1.0l Graphics/color driver for pdftex
))
\Gin@req@height=\dimen145
\Gin@req@width=\dimen146
)
\lheadtstbox=\box47
\rheadtstbox=\box48
\lmaxhead=\dimen147
\rmaxhead=\dimen148
\copyins=\insert199
\abstractbox=\box49
\listisep=\skip51
\c@part=\count179
\c@section=\count180
\c@subsection=\count181
\c@subsubsection=\count182
\c@paragraph=\count183
\c@figure=\count184
\c@table=\count185
\abovecaptionskip=\skip52
\belowcaptionskip=\skip53
\captionindent=\dimen149

(/usr/local/texlive/2020/texmf-dist/tex/latex/amscls/amsthm.sty
Package: amsthm 2017/10/31 v2.20.4
\thm@style=\toks21
\thm@bodyfont=\toks22
\thm@headfont=\toks23
\thm@notefont=\toks24
\thm@headpunct=\toks25
\thm@preskip=\skip54
\thm@postskip=\skip55
\thm@headsep=\skip56
\dth@everypar=\toks26
)
\c@firstpage=\count186
\c@lastpage=\count187
\c@nrofpages=\count188

(/usr/local/texlive/2020/texmf-dist/tex/latex/geometry/geometry.sty
Package: geometry 2020/01/02 v5.9 Page Geometry

(/usr/local/texlive/2020/texmf-dist/tex/generic/iftex/ifvtex.sty
Package: ifvtex 2019/10/25 v1.7 ifvtex legacy package. Use iftex instead.

(/usr/local/texlive/2020/texmf-dist/tex/generic/iftex/iftex.sty
Package: iftex 2020/03/06 v1.0d TeX engine tests
))
\Gm@cnth=\count189
\Gm@cntv=\count190
\c@Gm@tempcnt=\count191
\Gm@bindingoffset=\dimen150
\Gm@wd@mp=\dimen151
\Gm@odd@mp=\dimen152
\Gm@even@mp=\dimen153
\Gm@layoutwidth=\dimen154
\Gm@layoutheight=\dimen155
\Gm@layouthoffset=\dimen156
\Gm@layoutvoffset=\dimen157
\Gm@dimlist=\toks27
))
\c@thm=\count192

(/usr/local/texlive/2020/texmf-dist/tex/latex/cite/cite.sty
LaTeX Info: Redefining \cite on input line 302.
LaTeX Info: Redefining \nocite on input line 332.
Package: cite 2015/02/27  v 5.5
)
(/usr/local/texlive/2020/texmf-dist/tex/latex/listings/listings.sty
\lst@mode=\count193
\lst@gtempboxa=\box50
\lst@token=\toks28
\lst@length=\count194
\lst@currlwidth=\dimen158
\lst@column=\count195
\lst@pos=\count196
\lst@lostspace=\dimen159
\lst@width=\dimen160
\lst@newlines=\count197
\lst@lineno=\count198
\lst@maxwidth=\dimen161

(/usr/local/texlive/2020/texmf-dist/tex/latex/listings/lstmisc.sty
File: lstmisc.sty 2020/03/24 1.8d (Carsten Heinz)
\c@lstnumber=\count266
\lst@skipnumbers=\count267
\lst@framebox=\box51
)
(/usr/local/texlive/2020/texmf-dist/tex/latex/listings/listings.cfg
File: listings.cfg 2020/03/24 1.8d listings configuration
))
Package: listings 2020/03/24 1.8d (Carsten Heinz)

(/usr/local/texlive/2020/texmf-dist/tex/latex/algorithms/algorithm.sty
Package: algorithm 2009/08/24 v0.1 Document Style `algorithm' - floating enviro
nment

(/usr/local/texlive/2020/texmf-dist/tex/latex/float/float.sty
Package: float 2001/11/08 v1.3d Float enhancements (AL)
\c@float@type=\count268
\float@exts=\toks29
\float@box=\box52
\@float@everytoks=\toks30
\@floatcapt=\box53
)
(/usr/local/texlive/2020/texmf-dist/tex/latex/base/ifthen.sty
Package: ifthen 2014/09/29 v1.1c Standard LaTeX ifthen package (DPC)
)
\@float@every@algorithm=\toks31
\c@algorithm=\count269
)
(/usr/local/texlive/2020/texmf-dist/tex/latex/algorithms/algorithmic.sty
Package: algorithmic 2009/08/24 v0.1 Document Style `algorithmic'
\c@ALC@unique=\count270
\c@ALC@line=\count271
\c@ALC@rem=\count272
\c@ALC@depth=\count273
\ALC@tlm=\skip57
\algorithmicindent=\skip58
)
(/usr/local/texlive/2020/texmf-dist/tex/latex/booktabs/booktabs.sty
Package: booktabs 2020/01/12 v1.61803398 Publication quality tables
\heavyrulewidth=\dimen162
\lightrulewidth=\dimen163
\cmidrulewidth=\dimen164
\belowrulesep=\dimen165
\belowbottomsep=\dimen166
\aboverulesep=\dimen167
\abovetopsep=\dimen168
\cmidrulesep=\dimen169
\cmidrulekern=\dimen170
\defaultaddspace=\dimen171
\@cmidla=\count274
\@cmidlb=\count275
\@aboverulesep=\dimen172
\@belowrulesep=\dimen173
\@thisruleclass=\count276
\@lastruleclass=\count277
\@thisrulewidth=\dimen174
)
(/usr/local/texlive/2020/texmf-dist/tex/latex/caption/caption.sty
Package: caption 2020/01/03 v3.4h Customizing captions (AR)

(/usr/local/texlive/2020/texmf-dist/tex/latex/caption/caption3.sty
Package: caption3 2020/01/03 v1.8h caption3 kernel (AR)
Package caption3 Info: TeX engine: e-TeX on input line 61.
\captionmargin=\dimen175
\captionmargin@=\dimen176
\captionwidth=\dimen177
\caption@tempdima=\dimen178
\caption@indent=\dimen179
\caption@parindent=\dimen180
\caption@hangindent=\dimen181
Package caption Info: AMS or SMF document class detected.
)
Package caption Info: AMS or SMF document class.
\c@caption@flags=\count278
\c@continuedfloat=\count279
Package caption Info: float package is loaded.
Package caption Info: listings package is loaded.
)
(/usr/local/texlive/2020/texmf-dist/tex/latex/l3backend/l3backend-pdfmode.def
File: l3backend-pdfmode.def 2020-03-12 L3 backend support: PDF mode
\l__kernel_color_stack_int=\count280
\l__pdf_internal_box=\box54
)
(./linealizedrotations.aux)
\openout1 = `linealizedrotations.aux'.

LaTeX Font Info:    Checking defaults for OML/cmm/m/it on input line 31.
LaTeX Font Info:    ... okay on input line 31.
LaTeX Font Info:    Checking defaults for OMS/cmsy/m/n on input line 31.
LaTeX Font Info:    ... okay on input line 31.
LaTeX Font Info:    Checking defaults for OT1/cmr/m/n on input line 31.
LaTeX Font Info:    ... okay on input line 31.
LaTeX Font Info:    Checking defaults for T1/cmr/m/n on input line 31.
LaTeX Font Info:    ... okay on input line 31.
LaTeX Font Info:    Checking defaults for TS1/cmr/m/n on input line 31.
LaTeX Font Info:    ... okay on input line 31.
LaTeX Font Info:    Checking defaults for OMX/cmex/m/n on input line 31.
LaTeX Font Info:    ... okay on input line 31.
LaTeX Font Info:    Checking defaults for U/cmr/m/n on input line 31.
LaTeX Font Info:    ... okay on input line 31.
LaTeX Font Info:    Trying to load font information for U+msa on input line 31.


(/usr/local/texlive/2020/texmf-dist/tex/latex/amsfonts/umsa.fd
File: umsa.fd 2013/01/14 v3.01 AMS symbols A
)
LaTeX Font Info:    Trying to load font information for U+msb on input line 31.


(/usr/local/texlive/2020/texmf-dist/tex/latex/amsfonts/umsb.fd
File: umsb.fd 2013/01/14 v3.01 AMS symbols B
)
(/usr/local/texlive/2020/texmf-dist/tex/context/base/mkii/supp-pdf.mkii
[Loading MPS to PDF converter (version 2006.09.02).]
\scratchcounter=\count281
\scratchdimen=\dimen182
\scratchbox=\box55
\nofMPsegments=\count282
\nofMParguments=\count283
\everyMPshowfont=\toks32
\MPscratchCnt=\count284
\MPscratchDim=\dimen183
\MPnumerator=\count285
\makeMPintoPDFobject=\count286
\everyMPtoPDFconversion=\toks33
) (/usr/local/texlive/2020/texmf-dist/tex/latex/epstopdf-pkg/epstopdf-base.sty
Package: epstopdf-base 2020-01-24 v2.11 Base part for package epstopdf
Package epstopdf-base Info: Redefining graphics rule for `.eps' on input line 4
85.

(/usr/local/texlive/2020/texmf-dist/tex/latex/latexconfig/epstopdf-sys.cfg
File: epstopdf-sys.cfg 2010/07/13 v1.3 Configuration of (r)epstopdf for TeX Liv
e
))
*geometry* driver: auto-detecting
*geometry* detected driver: pdftex
*geometry* verbose mode - [ preamble ] result:
* driver: pdftex
* paper: custom
* layout: <same size as paper>
* layoutoffset:(h,v)=(0.0pt,0.0pt)
* modes: twoside asymmetric 
* h-part:(L,W,R)=(54.06023pt, 332.89726pt, 54.06023pt)
* v-part:(T,H,B)=(59.75078pt, 549.1382pt, 59.75078pt)
* \paperwidth=441.01772pt
* \paperheight=668.63976pt
* \textwidth=332.89726pt
* \textheight=549.1382pt
* \oddsidemargin=-18.20976pt
* \evensidemargin=-18.20976pt
* \topmargin=-37.51921pt
* \headheight=7.0pt
* \headsep=18.0pt
* \topskip=10.0pt
* \footskip=12.0pt
* \marginparwidth=90.0pt
* \marginparsep=11.0pt
* \columnsep=10.0pt
* \skip\footins=7.0pt plus 11.0pt
* \hoffset=0.0pt
* \voffset=0.0pt
* \mag=1000
* \@twocolumnfalse
* \@twosidetrue
* \@mparswitchfalse
* \@reversemarginfalse
* (1in=72.27pt=25.4mm, 1cm=28.453pt)

\c@lstlisting=\count287
Package caption Info: Begin \AtBeginDocument code.
Package caption Info: End \AtBeginDocument code.

Underfull \vbox (badness 1365) has occurred while \output is active []

 [1
Non-PDF special ignored!
<special> papersize=15.5cm,23.5cm
{/usr/local/texlive/2020/texmf-var/fonts/map/pdftex/updmap/pdftex.map}]
[2]
Overfull \hbox (19.5474pt too wide) detected at line 112
\OML/cmm/m/it/10 E\OT1/cmr/m/n/10 (\OML/cmm/m/it/10 Q; P\OT1/cmr/m/n/10 ) = [] 
[]
 []

[3] [4] [5] [6] [7]
Overfull \hbox (8.81541pt too wide) in paragraph at lines 259--260
\OT1/cmr/m/n/10 Notice that the mem-brane term $[][] \OMS/cmsy/m/n/10 k\OML/cmm
/m/it/10 R[]q[][] \OMS/cmsy/m/n/10 ^^@ \OML/cmm/m/it/10 p[]\OMS/cmsy/m/n/10 k[]
$ \OT1/cmr/m/n/10 is equiv-a-lent to $[][] \OMS/cmsy/m/n/10 k\OML/cmm/m/it/10 R
[]q[] \OMS/cmsy/m/n/10 ^^@
 []

[8] (./linealizedrotations.bbl [9]
Underfull \hbox (badness 10000) in paragraph at lines 38--42
[]\OT1/cmr/m/n/9 M. C. Lopez Be-lon. Project on github. Avail-able at
 []

) [10] (./linealizedrotations.aux) ) 
Here is how much of TeX's memory you used:
 5788 strings out of 480608
 83283 string characters out of 5903629
 337278 words of memory out of 5000000
 21464 multiletter control sequences out of 15000+600000
 541677 words of font info for 60 fonts, out of 8000000 for 9000
 1302 hyphenation exceptions out of 8191
 41i,13n,42p,1864b,285s stack positions out of 5000i,500n,10000p,200000b,80000s
</usr/local/texlive/2020/texmf-dist/fonts/t
ype1/public/amsfonts/cm/cmbx10.pfb></usr/local/texlive/2020/texmf-dist/fonts/ty
pe1/public/amsfonts/cm/cmbx12.pfb></usr/local/texlive/2020/texmf-dist/fonts/typ
e1/public/amsfonts/cm/cmbx9.pfb></usr/local/texlive/2020/texmf-dist/fonts/type1
/public/amsfonts/cm/cmex10.pfb></usr/local/texlive/2020/texmf-dist/fonts/type1/
public/amsfonts/cm/cmmi10.pfb></usr/local/texlive/2020/texmf-dist/fonts/type1/p
ublic/amsfonts/cm/cmmi12.pfb></usr/local/texlive/2020/texmf-dist/fonts/type1/pu
blic/amsfonts/cm/cmmi5.pfb></usr/local/texlive/2020/texmf-dist/fonts/type1/publ
ic/amsfonts/cm/cmmi7.pfb></usr/local/texlive/2020/texmf-dist/fonts/type1/public
/amsfonts/cm/cmmi8.pfb></usr/local/texlive/2020/texmf-dist/fonts/type1/public/a
msfonts/cm/cmr10.pfb></usr/local/texlive/2020/texmf-dist/fonts/type1/public/ams
fonts/cm/cmr12.pfb></usr/local/texlive/2020/texmf-dist/fonts/type1/public/amsfo
nts/cm/cmr5.pfb></usr/local/texlive/2020/texmf-dist/fonts/type1/public/amsfonts
/cm/cmr7.pfb></usr/local/texlive/2020/texmf-dist/fonts/type1/public/amsfonts/cm
/cmr9.pfb></usr/local/texlive/2020/texmf-dist/fonts/type1/public/amsfonts/cm/cm
sy10.pfb></usr/local/texlive/2020/texmf-dist/fonts/type1/public/amsfonts/cm/cms
y7.pfb></usr/local/texlive/2020/texmf-dist/fonts/type1/public/amsfonts/cm/cmti1
0.pfb></usr/local/texlive/2020/texmf-dist/fonts/type1/public/amsfonts/cm/cmti9.
pfb></usr/local/texlive/2020/texmf-dist/fonts/type1/public/amsfonts/cm/cmtt9.pf
b></usr/local/texlive/2020/texmf-dist/fonts/type1/public/amsfonts/symbols/msbm1
0.pfb></usr/local/texlive/2020/texmf-dist/fonts/type1/public/amsfonts/symbols/m
sbm7.pfb>
Output written on linealizedrotations.pdf (10 pages, 259826 bytes).
PDF statistics:
 121 PDF objects out of 1000 (max. 8388607)
 87 compressed objects within 1 object stream
 0 named destinations out of 1000 (max. 500000)
 1 words of extra memory for PDF output out of 10000 (max. 10000000)

